{"additions": 18, "auther_ref": "patch-6", "auther_sha": "a607b843f9e0d4a8bf1f8a5cbadccc4492ec94f7", "author": "iarspider", "body": "#### PR description:\r\n\r\nLog file: https://cmssdt.cern.ch/SDT/cgi-bin/buildlogs/el8_amd64_gcc11/CMSSW_13_1_DBG_X_2023-03-23-2300/Geometry/HGCalCommonData\r\n\r\n```\r\n/data/cmsbld/jenkins/workspace/build-any-ib/w/tmp/BUILDROOT/05d62365f17d9d2cecbb9853ed8b8cf3/opt/cmssw/el8_amd64_gcc11/cms/cmssw/CMSSW_13_1_DBG_X_2023-03-23-2300/src/Geometry/HGCalCommonData/src/HGCalWaferMask.cc: In static member function 'static std::vector<std::pair<double, double> > HGCalWaferMask::waferXY(int, int, int, double, double, double, double)':\r\n  /data/cmsbld/jenkins/workspace/build-any-ib/w/tmp/BUILDROOT/05d62365f17d9d2cecbb9853ed8b8cf3/opt/cmssw/el8_amd64_gcc11/cms/cmssw/CMSSW_13_1_DBG_X_2023-03-23-2300/src/Geometry/HGCalCommonData/src/HGCalWaferMask.cc:1245:118: error: expected ';' before ')' token\r\n  1245 |       edm::LogVerbatim(\"HGCalGeom\") << k << \":\" << np[orient][k] << \":\" << dx[np[orient][k]] + offsetx[np[orient][k]])<< \":\"\r\n      |                                                                                                                      ^\r\n      |                                                                                                                      ;\r\n  /data/cmsbld/jenkins/workspace/build-any-ib/w/tmp/BUILDROOT/05d62365f17d9d2cecbb9853ed8b8cf3/opt/cmssw/el8_amd64_gcc11/cms/cmssw/CMSSW_13_1_DBG_X_2023-03-23-2300/src/Geometry/HGCalCommonData/src/HGCalWaferMask.cc:1256:118: error: expected ';' before ')' token\r\n  1256 |       edm::LogVerbatim(\"HGCalGeom\") << k << \":\" << np[orient][k] << \":\" << dx[np[orient][k]] + offsetx[np[orient][k]])<< \":\"\r\n      |                                                                                                                      ^\r\n      |                                                                                                                      ;\r\n  /data/cmsbld/jenkins/workspace/build-any-ib/w/tmp/BUILDROOT/05d62365f17d9d2cecbb9853ed8b8cf3/opt/cmssw/el8_amd64_gcc11/cms/cmssw/CMSSW_13_1_DBG_X_2023-03-23-2300/src/Geometry/HGCalCommonData/src/HGCalWaferMask.cc:1266:118: error: expected ';' before ')' token\r\n  1266 |       edm::LogVerbatim(\"HGCalGeom\") << k << \":\" << np[orient][k] << \":\" << dx[np[orient][k]] + offsetx[np[orient][k]])<< \":\"\r\n      |                                                                                                                      ^\r\n      |                                                                                                                      ;\r\n  /data/cmsbld/jenkins/workspace/build-any-ib/w/tmp/BUILDROOT/05d62365f17d9d2cecbb9853ed8b8cf3/opt/cmssw/el8_amd64_gcc11/cms/cmssw/CMSSW_13_1_DBG_X_2023-03-23-2300/src/Geometry/HGCalCommonData/src/HGCalWaferMask.cc:1281:118: error: expected ';' before ')' token\r\n  1281 |       edm::LogVerbatim(\"HGCalGeom\") << k << \":\" << np[orient][k] << \":\" << dx[np[orient][k]] + offsetx[np[orient][k]])<< \":\"\r\n      |                                                                                                                      ^\r\n      |                                                                                                                      ;\r\n  /data/cmsbld/jenkins/workspace/build-any-ib/w/tmp/BUILDROOT/05d62365f17d9d2cecbb9853ed8b8cf3/opt/cmssw/el8_amd64_gcc11/cms/cmssw/CMSSW_13_1_DBG_X_2023-03-23-2300/src/Geometry/HGCalCommonData/src/HGCalWaferMask.cc:1296:118: error: expected ';' before ')' token\r\n  1296 |       edm::LogVerbatim(\"HGCalGeom\") << k << \":\" << np[orient][k] << \":\" << dx[np[orient][k]] + offsetx[np[orient][k]])<< \":\"\r\n      |                                                                                                                      ^\r\n      |                                                                                                                      ;\r\n  /data/cmsbld/jenkins/workspace/build-any-ib/w/tmp/BUILDROOT/05d62365f17d9d2cecbb9853ed8b8cf3/opt/cmssw/el8_amd64_gcc11/cms/cmssw/CMSSW_13_1_DBG_X_2023-03-23-2300/src/Geometry/HGCalCommonData/src/HGCalWaferMask.cc:1311:118: error: expected ';' before ')' token\r\n  1311 |       edm::LogVerbatim(\"HGCalGeom\") << k << \":\" << np[orient][k] << \":\" << dx[np[orient][k]] + offsetx[np[orient][k]])<< \":\"\r\n      |                                                                                                                      ^\r\n      |                                                                                                                      ;\r\n  /data/cmsbld/jenkins/workspace/build-any-ib/w/tmp/BUILDROOT/05d62365f17d9d2cecbb9853ed8b8cf3/opt/cmssw/el8_amd64_gcc11/cms/cmssw/CMSSW_13_1_DBG_X_2023-03-23-2300/src/Geometry/HGCalCommonData/src/HGCalWaferMask.cc:1326:118: error: expected ';' before ')' token\r\n  1326 |       edm::LogVerbatim(\"HGCalGeom\") << k << \":\" << np[orient][k] << \":\" << dx[np[orient][k]] + offsetx[np[orient][k]])<< \":\"\r\n      |                                                                                                                      ^\r\n      |                                                                                                                      ;\r\n  /data/cmsbld/jenkins/workspace/build-any-ib/w/tmp/BUILDROOT/05d62365f17d9d2cecbb9853ed8b8cf3/opt/cmssw/el8_amd64_gcc11/cms/cmssw/CMSSW_13_1_DBG_X_2023-03-23-2300/src/Geometry/HGCalCommonData/src/HGCalWaferMask.cc:1341:118: error: expected ';' before ')' token\r\n  1341 |       edm::LogVerbatim(\"HGCalGeom\") << k << \":\" << np[orient][k] << \":\" << dx[np[orient][k]] + offsetx[np[orient][k]])<< \":\"\r\n      |                                                                                                                      ^\r\n      |                                                                                                                      ;\r\n  /data/cmsbld/jenkins/workspace/build-any-ib/w/tmp/BUILDROOT/05d62365f17d9d2cecbb9853ed8b8cf3/opt/cmssw/el8_amd64_gcc11/cms/cmssw/CMSSW_13_1_DBG_X_2023-03-23-2300/src/Geometry/HGCalCommonData/src/HGCalWaferMask.cc:1356:118: error: expected ';' before ')' token\r\n  1356 |       edm::LogVerbatim(\"HGCalGeom\") << k << \":\" << np[orient][k] << \":\" << dx[np[orient][k]] + offsetx[np[orient][k]])<< \":\"\r\n      |                                                                                                                      ^\r\n      |                                                                                                                      ;\r\n  gmake: *** [tmp/el8_amd64_gcc11/src/Geometry/HGCalCommonData/src/GeometryHGCalCommonData/HGCalWaferMask.cc.o] Error 1\r\n```\r\n\r\n#### PR validation:\r\n\r\n", "branch": "master", "changed_files": 1, "closed_at": "1679685302", "comments": 13, "commits": 3, "created_at": "1679642086", "deletions": 18, "labels": ["geometry-approved", "fully-signed", "tests-approved", "bug-fix", "orp-approved", "upgrade-approved", "code-checks-approved"], "merge_commit_sha": "73c4c34d23df52a0ccb409dfd1c1bfd2db955c6c", "merged_at": "1679685302", "merged_by": "cmsbuild", "milestone": "CMSSW_13_1_X", "number": 41169, "release-notes": [], "review_comments": 0, "state": "closed", "title": "Fix build failure in DBG_X", "updated_at": "1679685302", "user": "iarspider"}