{"additions": 1, "auther_ref": "smuzaffar-patch-9", "auther_sha": "f8597bf30aacbfadd8726bd7176bc2eaf17c6317", "author": "cms-sw", "body": "Include changes from #9340 plus fix for multi-target test failure we have seen after merging #9340\r\n```\r\n/bin/../lib/gcc/x86_64-redhat-linux-gnu/12.3.1/../../../../x86_64-redhat-linux-gnu/bin/ld.bfd: cannot find tmp/el8_amd64_gcc12/src/Alignment/CommonAlignment/test/test_CreateFileLists/1.o: No such file or directory\r\ncollect2: error: ld returned 1 exit status\r\n>> Deleted: tmp/el8_amd64_gcc12/src/Alignment/CommonAlignment/test/test_CreateFileLists/scram_x86-64-v3/test_CreateFileLists\r\n  gmake: *** [tmp/el8_amd64_gcc12/src/Alignment/CommonAlignment/test/test_CreateFileLists/scram_x86-64-v3/test_CreateFileLists] Error 1\r\n\r\n```", "branch": "IB/CMSSW_14_1_X/master", "changed_files": 1, "closed_at": "1722861943", "comments": 7, "commits": 1, "created_at": "1722836781", "deletions": 1, "labels": ["externals-approved", "fully-signed", "tests-started", "orp-pending"], "merge_commit_sha": "3d92dc643bd9880e88bfc990a894d2c27ce72dd7", "merged_at": "1722861943", "merged_by": "smuzaffar", "number": 9344, "release-notes": [], "review_comments": 0, "state": "closed", "title": "[BuildRules] Various fixes", "updated_at": "1722861960", "user": "smuzaffar"}