{"additions": 1, "auther_ref": "smuzaffar-patch-1", "auther_sha": "26cc86928bb3fff9ba73774d2d651522f1c3f270", "author": "cms-sw", "body": "#### PR description:\r\n\r\nWhile testing latest root we get a build error [a]. This PR proposes to add the missing `vector` header.\r\n[a]\r\n```\r\nIn file included from /data/cmsbld/jenkins/workspace/ib-run-pr-tests/CMSSW_11_2_ROOT6_X_2020-06-17-2300/src/SimDataFormats/TrackerDigiSimLink/src/StripCompactDigiSimLinks.cc:1:\r\n\f/data/cmsbld/jenkins/workspace/ib-run-pr-tests/CMSSW_11_2_ROOT6_X_2020-06-17-2300/src/SimDataFormats/TrackerDigiSimLink/interface/StripCompactDigiSimLinks.h:24:39: error: ISO C++ forbids declaration of 'type name' with no type [-fpermissive]\r\n\f\f   typedef boost::sub_range<const std::vector<HitRecord> > Links;\r\n\f                                       ^~~~~~\r\n\f/data/cmsbld/jenkins/workspace/ib-run-pr-tests/CMSSW_11_2_ROOT6_X_2020-06-17-2300/src/SimDataFormats/TrackerDigiSimLink/interface/StripCompactDigiSimLinks.h:24:57: error: template argument 1 is invalid\r\n\f   typedef boost::sub_range<const std::vector<HitRecord> > Links;\r\n\f\r\n```\r\n", "branch": "master", "changed_files": 1, "closed_at": "1592799308", "comments": 10, "commits": 1, "created_at": "1592488659", "deletions": 0, "labels": ["code-checks-approved", "comparison-notrun", "fully-signed", "orp-pending", "requires-external", "simulation-approved", "tests-rejected"], "milestone": "CMSSW_11_2_X", "number": 30293, "release-notes": [], "review_comments": 0, "state": "closed", "title": "Add missing include for std::vector", "updated_at": "1592799315", "user": "smuzaffar"}