{"additions": 187, "auther_ref": "fixCompilationErrosInMuscleFitMacros", "auther_sha": "67fb57f78ed150bd6ed1c50cac452e0017fa73fc", "author": "mmusich", "body": "#### PR description:\r\n\r\nThis PR fixes a couple of compilation errors preventing the Z alignment validation to run, due to failures in the merge step.\r\nThe errors spotted are:\r\n\r\n```\r\nInfo in <TUnixSystem::ACLiC>: creating shared library /pool/condor/dir_18690/TkAllInOneTool/./CompareBiasZValidation_cc.so\r\nIn file included from CompareBiasZValidation_cc_ACLiC_dict dictionary payload:8:\r\nIn file included from ././CompareBiasZValidation.cc:9:\r\nIn file included from /pool/condor/dir_18690/TkAllInOneTool/FitMassSlices.cc:4:\r\nIn file included from /pool/condor/dir_18690/TkAllInOneTool/FitSlices.cc:4:\r\n/pool/condor/dir_18690/TkAllInOneTool/FitXslices.cc:108:48: error: use of overloaded operator '+' is ambiguous (with operand types 'TString' and 'std::__cxx11::basic_stringstream<char, std::char_traits<char>, std::allocator<char> >::__string_type' (aka 'basic_string<char, std::char_traits<char>, std::allocator<char> >'))\r\n      TH1* sliceHisto = histo->ProjectionY(name+ss.str(), x, x);\r\n                                           ~~~~^~~~~~~~~\r\n/cvmfs/cms.cern.ch/slc7_amd64_gcc10/lcg/root/6.24.07-bf41b0420bc269850b74e23486e2953a/include/TString.h:49:9: note: candidate function\r\nTString operator+(const TString &s1, const TString &s2);\r\n        ^\r\n/cvmfs/cms.cern.ch/slc7_amd64_gcc10/lcg/root/6.24.07-bf41b0420bc269850b74e23486e2953a/include/TEveUtil.h:116:15: note: candidate function\r\nTEveException operator+(const TEveException &s1, const std::string  &s2);\r\n              ^\r\n/cvmfs/cms.cern.ch/slc7_amd64_gcc10/lcg/root/6.24.07-bf41b0420bc269850b74e23486e2953a/include/TString.h:51:9: note: candidate function\r\nTString operator+(const char *cs, const TString &s);\r\n        ^\r\n/cvmfs/cms.cern.ch/slc7_amd64_gcc10/lcg/root/6.24.07-bf41b0420bc269850b74e23486e2953a/include/TEveUtil.h:117:15: note: candidate function\r\nTEveException operator+(const TEveException &s1, const TString &s2);\r\n              ^\r\nIn file included from CompareBiasZValidation_cc_ACLiC_dict dictionary payload:8:\r\nIn file included from ././CompareBiasZValidation.cc:9:\r\nIn file included from /pool/condor/dir_18690/TkAllInOneTool/FitMassSlices.cc:4:\r\nIn file included from /pool/condor/dir_18690/TkAllInOneTool/FitSlices.cc:4:\r\n/pool/condor/dir_18690/TkAllInOneTool/FitXslices.cc:262:50: error: use of overloaded operator '+' is ambiguous (with operand types 'TString' and 'std::__cxx11::basic_stringstream<char, std::char_traits<char>, std::allocator<char> >::__string_type' (aka 'basic_string<char, std::char_traits<char>, std::allocator<char> >'))\r\n        TH1* sliceHisto = histo->ProjectionZ(name+ss.str(), x, x, y, y);\r\n                                             ~~~~^~~~~~~~~\r\n/cvmfs/cms.cern.ch/slc7_amd64_gcc10/lcg/root/6.24.07-bf41b0420bc269850b74e23486e2953a/include/TString.h:49:9: note: candidate function\r\nTString operator+(const TString &s1, const TString &s2);\r\n        ^\r\n/cvmfs/cms.cern.ch/slc7_amd64_gcc10/lcg/root/6.24.07-bf41b0420bc269850b74e23486e2953a/include/TEveUtil.h:116:15: note: candidate function\r\nTEveException operator+(const TEveException &s1, const std::string  &s2);\r\n              ^\r\n/cvmfs/cms.cern.ch/slc7_amd64_gcc10/lcg/root/6.24.07-bf41b0420bc269850b74e23486e2953a/include/TString.h:51:9: note: candidate function\r\nTString operator+(const char *cs, const TString &s);\r\n        ^\r\n/cvmfs/cms.cern.ch/slc7_amd64_gcc10/lcg/root/6.24.07-bf41b0420bc269850b74e23486e2953a/include/TEveUtil.h:117:15: note: candidate function\r\nTEveException operator+(const TEveException &s1, const TString &s2);\r\n              ^\r\nIn file included from CompareBiasZValidation_cc_ACLiC_dict dictionary payload:8:\r\nIn file included from ././CompareBiasZValidation.cc:9:\r\nIn file included from /pool/condor/dir_18690/TkAllInOneTool/FitMassSlices.cc:4:\r\n/pool/condor/dir_18690/TkAllInOneTool/FitSlices.cc:115:55: error: use of overloaded operator '+' is ambiguous (with operand types 'TString' and 'std::__cxx11::basic_stringstream<char, std::char_traits<char>, std::allocator<char> >::__string_type' (aka 'basic_string<char, std::char_traits<char>, std::allocator<char> >'))\r\n      tempHisto->SetName(TString(tempHisto->GetName())+ss.str());\r\n                         ~~~~~~~~~~~~~~~~~~~~~~~~~~~~~^~~~~~~~~\r\n/cvmfs/cms.cern.ch/slc7_amd64_gcc10/lcg/root/6.24.07-bf41b0420bc269850b74e23486e2953a/include/TString.h:49:9: note: candidate function\r\nTString operator+(const TString &s1, const TString &s2);\r\n        ^\r\n/cvmfs/cms.cern.ch/slc7_amd64_gcc10/lcg/root/6.24.07-bf41b0420bc269850b74e23486e2953a/include/TEveUtil.h:116:15: note: candidate function\r\nTEveException operator+(const TEveException &s1, const std::string  &s2);\r\n              ^\r\n/cvmfs/cms.cern.ch/slc7_amd64_gcc10/lcg/root/6.24.07-bf41b0420bc269850b74e23486e2953a/include/TString.h:51:9: note: candidate function\r\nTString operator+(const char *cs, const TString &s);\r\n        ^\r\n/cvmfs/cms.cern.ch/slc7_amd64_gcc10/lcg/root/6.24.07-bf41b0420bc269850b74e23486e2953a/include/TEveUtil.h:117:15: note: candidate function\r\nTEveException operator+(const TEveException &s1, const TString &s2);\r\n              ^\r\nWarning in <TInterpreter::TCling::RegisterModule>: Problems declaring payload for module CompareBiasZValidation_cc_ACLiC_dict.\r\nIncrementalExecutor::executeFunction: symbol '_ZStL19__constant_string_pIcEbPKT_' unresolved while linking [cling interface function]!\r\nYou are probably missing the definition of bool std::__constant_string_p<char>(char const*)\r\nMaybe you need to load the corresponding shared library?\r\n```\r\n\r\n#### PR validation:\r\n\r\nRun successfully with the fix.\r\n\r\n#### If this PR is a backport please specify the original PR and why you need to backport that PR. If this PR will be backported please specify to which release cycle the backport is meant for:\r\n\r\nNot a backport, but a backport will be needed.", "branch": "master", "changed_files": 2, "closed_at": "1660605157", "comments": 10, "commits": 2, "created_at": "1660569302", "deletions": 136, "labels": ["alca-approved", "fully-signed", "tests-approved", "bug-fix", "orp-approved", "code-checks-approved", "trk"], "merge_commit_sha": "2ec77de73ef6b84dd73941343aa520f1474eb992", "merged_at": "1660605157", "merged_by": "cmsbuild", "milestone": "CMSSW_12_5_X", "number": 39065, "release-notes": [], "review_comments": 0, "state": "closed", "title": "fix compilation errors in `MomentumScaleCalibration` macros", "updated_at": "1660605157", "user": "mmusich"}