{"additions": 6, "auther_ref": "fix-gen-unittest", "auther_sha": "3fa9e57ae7a79965dd03f54305ecf5379b84ecb4", "author": "smuzaffar", "body": "Unit test fixed by https://github.com/cms-sw/cmssw/pull/34185 works locally but in IB tests it fails as in IB area we do not run `scram build python` so newly download file in `GeneratorInterface/Pythia8Interface/python` is not visible to python. In this PR , I propse to download the file in tmp directory and explicitly add that directory in PYTHONPATH. This should avoid the error message we are now getting in IB\r\n\r\n```\r\nLoading generator fragment from GeneratorInterface.Pythia8Interface.BTV-RunIISummer20UL17GEN-00002-fragment\r\nTraceback (most recent call last):\r\n  File \"CMSSW_12_0_X_2021-06-21-1100/bin/slc7_amd64_gcc900/cmsDriver.py\", line 56, in <module>\r\n    run()\r\n  File \"CMSSW_12_0_X_2021-06-21-1100/bin/slc7_amd64_gcc900/cmsDriver.py\", line 28, in run\r\n    configBuilder.prepare()\r\n  File \"CMSSW_12_0_X_2021-06-21-1100/python/Configuration/Applications/ConfigBuilder.py\", line 2157, in prepare\r\n    self.addStandardSequences()\r\n  File \"CMSSW_12_0_X_2021-06-21-1100/python/Configuration/Applications/ConfigBuilder.py\", line 783, in addStandardSequences\r\n    getattr(self,\"prepare_\"+stepName)(sequence = getattr(self,stepName+\"DefaultSeq\"))\r\n  File \"CMSSW_12_0_X_2021-06-21-1100/python/Configuration/Applications/ConfigBuilder.py\", line 1363, in prepare_GEN\r\n    raise Exception(\"Neither gen fragment of input files provided: this is an inconsistent GEN step configuration\")\r\nException: Neither gen fragment of input files provided: this is an inconsistent GEN step configuration\r\n```", "branch": "master", "changed_files": 1, "closed_at": "1624346037", "comments": 7, "commits": 1, "created_at": "1624299436", "deletions": 4, "labels": ["code-checks-approved", "fully-signed", "generators-approved", "orp-approved", "tests-approved"], "merge_commit_sha": "70129cd18a14bbdd04594e8fd6458fadaf5df791", "merged_at": "1624346037", "merged_by": "cmsbuild", "milestone": "CMSSW_12_0_X", "number": 34200, "release-notes": [], "review_comments": 0, "state": "closed", "title": "fix unit test: download file in tmp area and add the path in PYTHONPATH", "updated_at": "1624346037", "user": "smuzaffar"}