{"additions": 2, "auther_ref": "patch-3", "auther_sha": "e9a5cb65a2556d753909b28a8f76667cdda5a4da", "author": "iarspider", "body": "Log file: https://cmssdt.cern.ch/SDT/cgi-bin/buildlogs/slc7_amd64_gcc11/CMSSW_12_1_X_2021-07-30-0900/CondCore/EcalPlugins\r\nError message:\r\n```\r\n/data/cmsbld/jenkins/workspace/build-any-ib/w/tmp/BUILDROOT/3f7c5ca595fd8634b26b919adc27f210/opt/cmssw/slc7_amd64_gcc11/cms/cmssw/CMSSW_12_1_X_2021-07-30-0900/src/CondCore/EcalPlugins/plugins/EcalFloatCondObjectContainer_PayloadInspector.cc: In member function 'virtual bool {anonymous}::EcalFloatCondObjectContainerPlot::fill(const std::vector<std::tuple<long long unsigned int, std::__cxx11::basic_string<char, std::char_traits<char>, std::allocator<char> > > >&)':\r\n  /data/cmsbld/jenkins/workspace/build-any-ib/w/tmp/BUILDROOT/3f7c5ca595fd8634b26b919adc27f210/opt/cmssw/slc7_amd64_gcc11/cms/cmssw/CMSSW_12_1_X_2021-07-30-0900/src/CondCore/EcalPlugins/plugins/EcalFloatCondObjectContainer_PayloadInspector.cc:120:17: error: array subscript 1 is outside array bounds of 'TPad* [1]' [-Werror=array-bounds]\r\n   120 |       pad[1]->cd();\r\n      |       ~~~~~~~~~~^~\r\n/data/cmsbld/jenkins/workspace/build-any-ib/w/tmp/BUILDROOT/3f7c5ca595fd8634b26b919adc27f210/opt/cmssw/slc7_amd64_gcc11/cms/cmssw/CMSSW_12_1_X_2021-07-30-0900/src/CondCore/EcalPlugins/plugins/EcalFloatCondObjectContainer_PayloadInspector.cc:112:28: note: referencing an object of size 8 allocated by 'void* operator new(std::size_t)'\r\n  112 |       TPad** pad = new TPad*;\r\n      |                            ^\r\n  /data/cmsbld/jenkins/workspace/build-any-ib/w/tmp/BUILDROOT/3f7c5ca595fd8634b26b919adc27f210/opt/cmssw/slc7_amd64_gcc11/cms/cmssw/CMSSW_12_1_X_2021-07-30-0900/src/CondCore/EcalPlugins/plugins/EcalFloatCondObjectContainer_PayloadInspector.cc:122:17: error: array subscript 2 is outside array bounds of 'TPad* [1]' [-Werror=array-bounds]\r\n   122 |       pad[2]->cd();\r\n      |       ~~~~~~~~~~^~\r\n/data/cmsbld/jenkins/workspace/build-any-ib/w/tmp/BUILDROOT/3f7c5ca595fd8634b26b919adc27f210/opt/cmssw/slc7_amd64_gcc11/cms/cmssw/CMSSW_12_1_X_2021-07-30-0900/src/CondCore/EcalPlugins/plugins/EcalFloatCondObjectContainer_PayloadInspector.cc:112:28: note: referencing an object of size 8 allocated by 'void* operator new(std::size_t)'\r\n  112 |       TPad** pad = new TPad*;\r\n      |                            ^\r\n/data/cmsbld/jenkins/workspace/build-any-ib/w/tmp/BUILDROOT/3f7c5ca595fd8634b26b919adc27f210/opt/cmssw/slc7_amd64_gcc11/cms/cmssw/CMSSW_12_1_X_2021-07-30-0900/src/CondCore/EcalPlugins/plugins/EcalFloatCondObjectContainer_PayloadInspector.cc: In member function 'bool {anonymous}::EcalFloatCondObjectContainerDiffBase<nIOVs, ntags>::fill() [with cond::payloadInspector::IOVMultiplicity nIOVs = cond::payloadInspector::SINGLE_IOV; int ntags = 1]':\r\n  /data/cmsbld/jenkins/workspace/build-any-ib/w/tmp/BUILDROOT/3f7c5ca595fd8634b26b919adc27f210/opt/cmssw/slc7_amd64_gcc11/cms/cmssw/CMSSW_12_1_X_2021-07-30-0900/src/CondCore/EcalPlugins/plugins/EcalFloatCondObjectContainer_PayloadInspector.cc:273:17: error: array subscript 1 is outside array bounds of 'TPad* [1]' [-Werror=array-bounds]\r\n   273 |       pad[1]->cd();\r\n      |       ~~~~~~~~~~^~\r\n/data/cmsbld/jenkins/workspace/build-any-ib/w/tmp/BUILDROOT/3f7c5ca595fd8634b26b919adc27f210/opt/cmssw/slc7_amd64_gcc11/cms/cmssw/CMSSW_12_1_X_2021-07-30-0900/src/CondCore/EcalPlugins/plugins/EcalFloatCondObjectContainer_PayloadInspector.cc:265:20: note: referencing an object of size 8 allocated by 'void* operator new(std::size_t)'\r\n  265 |       TPad** pad = new TPad*;\r\n      |                    ^~~~~~~~~\r\n  /data/cmsbld/jenkins/workspace/build-any-ib/w/tmp/BUILDROOT/3f7c5ca595fd8634b26b919adc27f210/opt/cmssw/slc7_amd64_gcc11/cms/cmssw/CMSSW_12_1_X_2021-07-30-0900/src/CondCore/EcalPlugins/plugins/EcalFloatCondObjectContainer_PayloadInspector.cc:275:17: error: array subscript 2 is outside array bounds of 'TPad* [1]' [-Werror=array-bounds]\r\n   275 |       pad[2]->cd();\r\n      |       ~~~~~~~~~~^~\r\n/data/cmsbld/jenkins/workspace/build-any-ib/w/tmp/BUILDROOT/3f7c5ca595fd8634b26b919adc27f210/opt/cmssw/slc7_amd64_gcc11/cms/cmssw/CMSSW_12_1_X_2021-07-30-0900/src/CondCore/EcalPlugins/plugins/EcalFloatCondObjectContainer_PayloadInspector.cc:265:20: note: referencing an object of size 8 allocated by 'void* operator new(std::size_t)'\r\n  265 |       TPad** pad = new TPad*;\r\n      |                    ^~~~~~~~~\r\n/data/cmsbld/jenkins/workspace/build-any-ib/w/tmp/BUILDROOT/3f7c5ca595fd8634b26b919adc27f210/opt/cmssw/slc7_amd64_gcc11/cms/cmssw/CMSSW_12_1_X_2021-07-30-0900/src/CondCore/EcalPlugins/plugins/EcalFloatCondObjectContainer_PayloadInspector.cc: In member function 'bool {anonymous}::EcalFloatCondObjectContainerDiffBase<nIOVs, ntags>::fill() [with cond::payloadInspector::IOVMultiplicity nIOVs = cond::payloadInspector::SINGLE_IOV; int ntags = 2]':\r\n  /data/cmsbld/jenkins/workspace/build-any-ib/w/tmp/BUILDROOT/3f7c5ca595fd8634b26b919adc27f210/opt/cmssw/slc7_amd64_gcc11/cms/cmssw/CMSSW_12_1_X_2021-07-30-0900/src/CondCore/EcalPlugins/plugins/EcalFloatCondObjectContainer_PayloadInspector.cc:273:17: error: array subscript 1 is outside array bounds of 'TPad* [1]' [-Werror=array-bounds]\r\n   273 |       pad[1]->cd();\r\n      |       ~~~~~~~~~~^~\r\n/data/cmsbld/jenkins/workspace/build-any-ib/w/tmp/BUILDROOT/3f7c5ca595fd8634b26b919adc27f210/opt/cmssw/slc7_amd64_gcc11/cms/cmssw/CMSSW_12_1_X_2021-07-30-0900/src/CondCore/EcalPlugins/plugins/EcalFloatCondObjectContainer_PayloadInspector.cc:265:20: note: referencing an object of size 8 allocated by 'void* operator new(std::size_t)'\r\n  265 |       TPad** pad = new TPad*;\r\n      |                    ^~~~~~~~~\r\n  /data/cmsbld/jenkins/workspace/build-any-ib/w/tmp/BUILDROOT/3f7c5ca595fd8634b26b919adc27f210/opt/cmssw/slc7_amd64_gcc11/cms/cmssw/CMSSW_12_1_X_2021-07-30-0900/src/CondCore/EcalPlugins/plugins/EcalFloatCondObjectContainer_PayloadInspector.cc:275:17: error: array subscript 2 is outside array bounds of 'TPad* [1]' [-Werror=array-bounds]\r\n   275 |       pad[2]->cd();\r\n      |       ~~~~~~~~~~^~\r\n/data/cmsbld/jenkins/workspace/build-any-ib/w/tmp/BUILDROOT/3f7c5ca595fd8634b26b919adc27f210/opt/cmssw/slc7_amd64_gcc11/cms/cmssw/CMSSW_12_1_X_2021-07-30-0900/src/CondCore/EcalPlugins/plugins/EcalFloatCondObjectContainer_PayloadInspector.cc:265:20: note: referencing an object of size 8 allocated by 'void* operator new(std::size_t)'\r\n  265 |       TPad** pad = new TPad*;\r\n      |                    ^~~~~~~~~\r\n```\r\n\r\n#### PR description:\r\n\r\n<!-- Please replace this text with a description of the feature proposed or problem addressed, specifying:\r\n  - what changes are expected in the output if any, \r\n  - what other PRs or externals it depends upon if any,\r\n  - link to any additional material useful to provide a documentation for this PR (slides, JIRA tickets, related pull requestes, hypernews, TWiki or Indico pages)  -->\r\n\r\n#### PR validation:\r\n\r\n<!-- Please replace this text with a description of which tests have been performed to verify the correctness of the PR, including the eventual addition of new code for testing like unit tests, test configurations, additions or updates to the runTheMatrix test workflows -->\r\n\r\n#### if this PR is a backport please specify the original PR and why you need to backport that PR:\r\n\r\n<!-- Please replace this text with any link to  -->\r\n\r\nBefore submitting your pull requests, make sure you followed this checklist:\r\n- verify that the PR is really intended for the chosen branch\r\n- verify that changes follow [CMS Naming, Coding, And Style Rules](http://cms-sw.github.io/cms_coding_rules.html)\r\n- verify that the PR passes the basic test procedure suggested in the [CMSSW PR instructions](https://cms-sw.github.io/PRWorkflow.html)\r\n", "branch": "master", "changed_files": 1, "closed_at": "1628597609", "comments": 10, "commits": 1, "created_at": "1628060184", "deletions": 2, "labels": ["fully-signed", "tests-approved", "db-approved", "orp-approved", "code-checks-approved"], "merge_commit_sha": "927d78dc6541f127c3306972c38ec00144ed7f51", "merged_at": "1628597609", "merged_by": "cmsbuild", "milestone": "CMSSW_12_1_X", "number": 34757, "release-notes": [], "review_comments": 0, "state": "closed", "title": "[GCC 11] Fix error \"array subscript outside array bounds\"", "updated_at": "1628597609", "user": "iarspider"}